<?xml version="1.0" encoding="UTF-8"?>
<!-- Generated by org.testng.reporters.JUnitReportReporter -->
<testsuite hostname="JAMOCHA46" failures="0" tests="1" name="test.Users.UsersAddingNew" time="27.063" errors="0" timestamp="2024-04-08T11:20:33 IST" skipped="0">
  <testcase classname="test.Users.UsersAddingNew" name="addNewUsers" time="27.063"/>
  <system-out/>
</testsuite> <!-- test.Users.UsersAddingNew -->
