<?xml version="1.0" encoding="UTF-8"?>
<!-- Generated by org.testng.reporters.JUnitReportReporter -->
<testsuite hostname="JAMOCHA46" failures="0" tests="1" name="test.Users.UsersLoggedinUsersByDotNetVersion" time="9.348" errors="0" timestamp="2024-04-08T11:20:33 IST" skipped="0">
  <testcase classname="test.Users.UsersLoggedinUsersByDotNetVersion" name="usersLoggedinUsersByDotNetVersion" time="9.348"/>
  <system-out/>
</testsuite> <!-- test.Users.UsersLoggedinUsersByDotNetVersion -->
