<?xml version="1.0" encoding="UTF-8"?>
<!-- Generated by org.testng.reporters.JUnitReportReporter -->
<testsuite hostname="JAMOCHA46" failures="0" tests="1" name="test.WorkFlow.CustomAttributeWithFilterbyProcess" time="24.543" errors="0" timestamp="2024-04-03T18:29:41 IST" skipped="0">
  <testcase classname="test.WorkFlow.CustomAttributeWithFilterbyProcess" name="customAttributeWithDuplicateName" time="24.543"/>
  <system-out/>
</testsuite> <!-- test.WorkFlow.CustomAttributeWithFilterbyProcess -->
