<?xml version="1.0" encoding="UTF-8"?>
<!-- Generated by org.testng.reporters.JUnitReportReporter -->
<testsuite hostname="JAMOCHA46" failures="0" tests="1" name="test.Users.UsersLoggedinUsersByServiceCPU" time="9.238" errors="0" timestamp="2024-04-08T11:20:33 IST" skipped="0">
  <testcase classname="test.Users.UsersLoggedinUsersByServiceCPU" name="usersLoggedinUsersByServiceCPU" time="9.238"/>
  <system-out/>
</testsuite> <!-- test.Users.UsersLoggedinUsersByServiceCPU -->
